gyp info it worked if it ends with ok
gyp info using node-gyp@10.2.0
gyp info using node@22.9.0 | darwin | x64
gyp info find Python using Python version 3.12.6 found at "/Users/rxndal/NEA2/bin/python3"

gyp info spawn /Users/rxndal/NEA2/bin/python3
gyp info spawn args [
gyp info spawn args '/usr/local/Cellar/node/22.9.0/libexec/lib/node_modules/npm/node_modules/node-gyp/gyp/gyp_main.py',
gyp info spawn args 'binding.gyp',
gyp info spawn args '-f',
gyp info spawn args 'make',
gyp info spawn args '-I',
gyp info spawn args '/Users/rxndal/NEA2/frontend/node_modules/uws/build/config.gypi',
gyp info spawn args '-I',
gyp info spawn args '/usr/local/Cellar/node/22.9.0/libexec/lib/node_modules/npm/node_modules/node-gyp/addon.gypi',
gyp info spawn args '-I',
gyp info spawn args '/Users/rxndal/Library/Caches/node-gyp/22.9.0/include/node/common.gypi',
gyp info spawn args '-Dlibrary=shared_library',
gyp info spawn args '-Dvisibility=default',
gyp info spawn args '-Dnode_root_dir=/Users/rxndal/Library/Caches/node-gyp/22.9.0',
gyp info spawn args '-Dnode_gyp_dir=/usr/local/Cellar/node/22.9.0/libexec/lib/node_modules/npm/node_modules/node-gyp',
gyp info spawn args '-Dnode_lib_file=/Users/rxndal/Library/Caches/node-gyp/22.9.0/<(target_arch)/node.lib',
gyp info spawn args '-Dmodule_root_dir=/Users/rxndal/NEA2/frontend/node_modules/uws',
gyp info spawn args '-Dnode_engine=v8',
gyp info spawn args '--depth=.',
gyp info spawn args '--no-parallel',
gyp info spawn args '--generator-output',
gyp info spawn args 'build',
gyp info spawn args '-Goutput_dir=.'
gyp info spawn args ]
gyp info spawn make
gyp info spawn args [ 'BUILDTYPE=Release', '-C', 'build' ]
  CXX(target) Release/obj.target/uws/src/Extensions.o
  CXX(target) Release/obj.target/uws/src/Group.o
In file included from ../src/Group.cpp:1:
In file included from ../src/Group.h:5:
../src/HTTPSocket.h:207:63: warning: 'sprintf' is deprecated: This function is provided for compatibility reasons only.  Due to security concerns inherent in the design of sprintf(3), it is highly recommended that you use snprintf(3) instead. [-Wdeprecated-declarations]
  207 |                 int offset = transformData.hasHead ? 0 : std::sprintf(dst, "HTTP/1.1 200 OK\r\nContent-Length: %u\r\n\r\n", (unsigned int) length);
      |                                                               ^
/Applications/Xcode.app/Contents/Developer/Platforms/MacOSX.platform/Developer/SDKs/MacOSX.sdk/usr/include/_stdio.h:274:1: note: 'sprintf' has been explicitly marked deprecated here
  274 | __deprecated_msg("This function is provided for compatibility reasons only.  Due to security concerns inherent in the design of sprintf(3), it is highly recommended that you use snprintf(3) instead.")
      | ^
/Applications/Xcode.app/Contents/Developer/Platforms/MacOSX.platform/Developer/SDKs/MacOSX.sdk/usr/include/sys/cdefs.h:218:48: note: expanded from macro '__deprecated_msg'
  218 |         #define __deprecated_msg(_msg) __attribute__((__deprecated__(_msg)))
      |                                                       ^
1 warning generated.
  CXX(target) Release/obj.target/uws/src/Networking.o
  CXX(target) Release/obj.target/uws/src/Hub.o
In file included from ../src/Hub.cpp:1:
In file included from ../src/Hub.h:4:
In file included from ../src/Group.h:5:
../src/HTTPSocket.h:207:63: warning: 'sprintf' is deprecated: This function is provided for compatibility reasons only.  Due to security concerns inherent in the design of sprintf(3), it is highly recommended that you use snprintf(3) instead. [-Wdeprecated-declarations]
  207 |                 int offset = transformData.hasHead ? 0 : std::sprintf(dst, "HTTP/1.1 200 OK\r\nContent-Length: %u\r\n\r\n", (unsigned int) length);
      |                                                               ^
/Applications/Xcode.app/Contents/Developer/Platforms/MacOSX.platform/Developer/SDKs/MacOSX.sdk/usr/include/_stdio.h:274:1: note: 'sprintf' has been explicitly marked deprecated here
  274 | __deprecated_msg("This function is provided for compatibility reasons only.  Due to security concerns inherent in the design of sprintf(3), it is highly recommended that you use snprintf(3) instead.")
      | ^
/Applications/Xcode.app/Contents/Developer/Platforms/MacOSX.platform/Developer/SDKs/MacOSX.sdk/usr/include/sys/cdefs.h:218:48: note: expanded from macro '__deprecated_msg'
  218 |         #define __deprecated_msg(_msg) __attribute__((__deprecated__(_msg)))
      |                                                       ^
1 warning generated.
  CXX(target) Release/obj.target/uws/src/Node.o
  CXX(target) Release/obj.target/uws/src/WebSocket.o
In file included from ../src/WebSocket.cpp:2:
In file included from ../src/Group.h:5:
../src/HTTPSocket.h:207:63: warning: 'sprintf' is deprecated: This function is provided for compatibility reasons only.  Due to security concerns inherent in the design of sprintf(3), it is highly recommended that you use snprintf(3) instead. [-Wdeprecated-declarations]
  207 |                 int offset = transformData.hasHead ? 0 : std::sprintf(dst, "HTTP/1.1 200 OK\r\nContent-Length: %u\r\n\r\n", (unsigned int) length);
      |                                                               ^
/Applications/Xcode.app/Contents/Developer/Platforms/MacOSX.platform/Developer/SDKs/MacOSX.sdk/usr/include/_stdio.h:274:1: note: 'sprintf' has been explicitly marked deprecated here
  274 | __deprecated_msg("This function is provided for compatibility reasons only.  Due to security concerns inherent in the design of sprintf(3), it is highly recommended that you use snprintf(3) instead.")
      | ^
/Applications/Xcode.app/Contents/Developer/Platforms/MacOSX.platform/Developer/SDKs/MacOSX.sdk/usr/include/sys/cdefs.h:218:48: note: expanded from macro '__deprecated_msg'
  218 |         #define __deprecated_msg(_msg) __attribute__((__deprecated__(_msg)))
      |                                                       ^
1 warning generated.
  CXX(target) Release/obj.target/uws/src/HTTPSocket.o
In file included from ../src/HTTPSocket.cpp:1:
../src/HTTPSocket.h:207:63: warning: 'sprintf' is deprecated: This function is provided for compatibility reasons only.  Due to security concerns inherent in the design of sprintf(3), it is highly recommended that you use snprintf(3) instead. [-Wdeprecated-declarations]
  207 |                 int offset = transformData.hasHead ? 0 : std::sprintf(dst, "HTTP/1.1 200 OK\r\nContent-Length: %u\r\n\r\n", (unsigned int) length);
      |                                                               ^
/Applications/Xcode.app/Contents/Developer/Platforms/MacOSX.platform/Developer/SDKs/MacOSX.sdk/usr/include/_stdio.h:274:1: note: 'sprintf' has been explicitly marked deprecated here
  274 | __deprecated_msg("This function is provided for compatibility reasons only.  Due to security concerns inherent in the design of sprintf(3), it is highly recommended that you use snprintf(3) instead.")
      | ^
/Applications/Xcode.app/Contents/Developer/Platforms/MacOSX.platform/Developer/SDKs/MacOSX.sdk/usr/include/sys/cdefs.h:218:48: note: expanded from macro '__deprecated_msg'
  218 |         #define __deprecated_msg(_msg) __attribute__((__deprecated__(_msg)))
      |                                                       ^
1 warning generated.
  CXX(target) Release/obj.target/uws/src/Socket.o
  CXX(target) Release/obj.target/uws/src/addon.o
In file included from ../src/addon.cpp:1:
In file included from ../src/../src/uWS.h:4:
In file included from ../src/../src/Hub.h:4:
In file included from ../src/../src/Group.h:5:
../src/../src/HTTPSocket.h:207:63: warning: 'sprintf' is deprecated: This function is provided for compatibility reasons only.  Due to security concerns inherent in the design of sprintf(3), it is highly recommended that you use snprintf(3) instead. [-Wdeprecated-declarations]
  207 |                 int offset = transformData.hasHead ? 0 : std::sprintf(dst, "HTTP/1.1 200 OK\r\nContent-Length: %u\r\n\r\n", (unsigned int) length);
      |                                                               ^
/Applications/Xcode.app/Contents/Developer/Platforms/MacOSX.platform/Developer/SDKs/MacOSX.sdk/usr/include/_stdio.h:274:1: note: 'sprintf' has been explicitly marked deprecated here
  274 | __deprecated_msg("This function is provided for compatibility reasons only.  Due to security concerns inherent in the design of sprintf(3), it is highly recommended that you use snprintf(3) instead.")
      | ^
/Applications/Xcode.app/Contents/Developer/Platforms/MacOSX.platform/Developer/SDKs/MacOSX.sdk/usr/include/sys/cdefs.h:218:48: note: expanded from macro '__deprecated_msg'
  218 |         #define __deprecated_msg(_msg) __attribute__((__deprecated__(_msg)))
      |                                                       ^
In file included from ../src/addon.cpp:2:
In file included from ../src/addon.h:1:
In file included from /Users/rxndal/Library/Caches/node-gyp/22.9.0/include/node/node.h:73:
In file included from /Users/rxndal/Library/Caches/node-gyp/22.9.0/include/node/v8.h:24:
In file included from /Users/rxndal/Library/Caches/node-gyp/22.9.0/include/node/v8-array-buffer.h:12:
In file included from /Users/rxndal/Library/Caches/node-gyp/22.9.0/include/node/v8-local-handle.h:13:
In file included from /Users/rxndal/Library/Caches/node-gyp/22.9.0/include/node/v8-handle-base.h:8:
/Users/rxndal/Library/Caches/node-gyp/22.9.0/include/node/v8-internal.h:86:9: warning: variable declaration in a constexpr function is a C++14 extension [-Wc++14-extensions]
   86 |     int shift_bits = kSmiTagSize + kSmiShiftSize;
      |         ^
/Users/rxndal/Library/Caches/node-gyp/22.9.0/include/node/v8-internal.h:111:9: warning: variable declaration in a constexpr function is a C++14 extension [-Wc++14-extensions]
  111 |     int shift_bits = kSmiTagSize + kSmiShiftSize;
      |         ^
/Users/rxndal/Library/Caches/node-gyp/22.9.0/include/node/v8-internal.h:490:30: warning: 'static_assert' with no message is a C++17 extension [-Wc++17-extensions]
  490 | SHARED_EXTERNAL_POINTER_TAGS(CHECK_SHARED_EXTERNAL_POINTER_TAGS)
      |                              ^
/Users/rxndal/Library/Caches/node-gyp/22.9.0/include/node/v8-internal.h:490:30: warning: 'static_assert' with no message is a C++17 extension [-Wc++17-extensions]
/Users/rxndal/Library/Caches/node-gyp/22.9.0/include/node/v8-internal.h:490:30: warning: 'static_assert' with no message is a C++17 extension [-Wc++17-extensions]
/Users/rxndal/Library/Caches/node-gyp/22.9.0/include/node/v8-internal.h:490:30: warning: 'static_assert' with no message is a C++17 extension [-Wc++17-extensions]
/Users/rxndal/Library/Caches/node-gyp/22.9.0/include/node/v8-internal.h:490:30: warning: 'static_assert' with no message is a C++17 extension [-Wc++17-extensions]
/Users/rxndal/Library/Caches/node-gyp/22.9.0/include/node/v8-internal.h:491:35: warning: 'static_assert' with no message is a C++17 extension [-Wc++17-extensions]
  491 | PER_ISOLATE_EXTERNAL_POINTER_TAGS(CHECK_NON_SHARED_EXTERNAL_POINTER_TAGS)
      |                                   ^
/Users/rxndal/Library/Caches/node-gyp/22.9.0/include/node/v8-internal.h:491:35: warning: 'static_assert' with no message is a C++17 extension [-Wc++17-extensions]
/Users/rxndal/Library/Caches/node-gyp/22.9.0/include/node/v8-internal.h:491:35: warning: 'static_assert' with no message is a C++17 extension [-Wc++17-extensions]
/Users/rxndal/Library/Caches/node-gyp/22.9.0/include/node/v8-internal.h:491:35: warning: 'static_assert' with no message is a C++17 extension [-Wc++17-extensions]
/Users/rxndal/Library/Caches/node-gyp/22.9.0/include/node/v8-internal.h:491:35: warning: 'static_assert' with no message is a C++17 extension [-Wc++17-extensions]
/Users/rxndal/Library/Caches/node-gyp/22.9.0/include/node/v8-internal.h:491:35: warning: 'static_assert' with no message is a C++17 extension [-Wc++17-extensions]
/Users/rxndal/Library/Caches/node-gyp/22.9.0/include/node/v8-internal.h:491:35: warning: 'static_assert' with no message is a C++17 extension [-Wc++17-extensions]
/Users/rxndal/Library/Caches/node-gyp/22.9.0/include/node/v8-internal.h:491:35: warning: 'static_assert' with no message is a C++17 extension [-Wc++17-extensions]
/Users/rxndal/Library/Caches/node-gyp/22.9.0/include/node/v8-internal.h:491:35: warning: 'static_assert' with no message is a C++17 extension [-Wc++17-extensions]
/Users/rxndal/Library/Caches/node-gyp/22.9.0/include/node/v8-internal.h:491:35: warning: 'static_assert' with no message is a C++17 extension [-Wc++17-extensions]
/Users/rxndal/Library/Caches/node-gyp/22.9.0/include/node/v8-internal.h:491:35: warning: 'static_assert' with no message is a C++17 extension [-Wc++17-extensions]
/Users/rxndal/Library/Caches/node-gyp/22.9.0/include/node/v8-internal.h:491:35: warning: 'static_assert' with no message is a C++17 extension [-Wc++17-extensions]
/Users/rxndal/Library/Caches/node-gyp/22.9.0/include/node/v8-internal.h:491:35: warning: 'static_assert' with no message is a C++17 extension [-Wc++17-extensions]
/Users/rxndal/Library/Caches/node-gyp/22.9.0/include/node/v8-internal.h:596:42: warning: 'static_assert' with no message is a C++17 extension [-Wc++17-extensions]
  596 | static_assert(kCodePointerHandleShift > 0);
      |                                          ^
      |                                          , ""
/Users/rxndal/Library/Caches/node-gyp/22.9.0/include/node/v8-internal.h:597:45: warning: 'static_assert' with no message is a C++17 extension [-Wc++17-extensions]
  597 | static_assert(kTrustedPointerHandleShift > 0);
      |                                             ^
      |                                             , ""
/Users/rxndal/Library/Caches/node-gyp/22.9.0/include/node/v8-internal.h:889:61: warning: 'static_assert' with no message is a C++17 extension [-Wc++17-extensions]
  889 |     static_assert(kJSObjectType + 1 == kFirstJSApiObjectType);
      |                                                             ^
      |                                                             , ""
/Users/rxndal/Library/Caches/node-gyp/22.9.0/include/node/v8-internal.h:890:55: warning: 'static_assert' with no message is a C++17 extension [-Wc++17-extensions]
  890 |     static_assert(kJSObjectType < kLastJSApiObjectType);
      |                                                       ^
      |                                                       , ""
/Users/rxndal/Library/Caches/node-gyp/22.9.0/include/node/v8-internal.h:891:63: warning: 'static_assert' with no message is a C++17 extension [-Wc++17-extensions]
  891 |     static_assert(kFirstJSApiObjectType < kLastJSApiObjectType);
      |                                                               ^
      |                                                               , ""
/Users/rxndal/Library/Caches/node-gyp/22.9.0/include/node/v8-internal.h:1093:50: error: 'T' does not refer to a value
 1093 |             !std::is_same<Data, std::remove_cv_t<T>>::value>::Perform(data);
      |                                                  ^
/Users/rxndal/Library/Caches/node-gyp/22.9.0/include/node/v8-internal.h:1090:17: note: declared here
 1090 | template <class T>
      |                 ^
/Users/rxndal/Library/Caches/node-gyp/22.9.0/include/node/v8-internal.h:1093:38: error: no member named 'remove_cv_t' in namespace 'std'
 1093 |             !std::is_same<Data, std::remove_cv_t<T>>::value>::Perform(data);
      |                                 ~~~~~^
/Users/rxndal/Library/Caches/node-gyp/22.9.0/include/node/v8-internal.h:1093:52: error: expected '(' for function-style cast or type construction
 1093 |             !std::is_same<Data, std::remove_cv_t<T>>::value>::Perform(data);
      |              ~~~~~~~~~~~~~~~~~~~~~~~~~~~~~~~~~~~~~~^
/Users/rxndal/Library/Caches/node-gyp/22.9.0/include/node/v8-internal.h:1093:63: error: no member named 'Perform' in the global namespace
 1093 |             !std::is_same<Data, std::remove_cv_t<T>>::value>::Perform(data);
      |                                                             ~~^
/Users/rxndal/Library/Caches/node-gyp/22.9.0/include/node/v8-internal.h:1159:13: error: no template named 'is_void_v' in namespace 'std'; did you mean 'is_void'?
 1159 |       !std::is_void_v<ElementType> ||
      |        ~~~~~^~~~~~~~~
      |             is_void
/Applications/Xcode.app/Contents/Developer/Platforms/MacOSX.platform/Developer/SDKs/MacOSX.sdk/usr/include/c++/v1/__type_traits/is_void.h:26:29: note: 'is_void' declared here
   26 | struct _LIBCPP_TEMPLATE_VIS is_void : _BoolConstant<__is_void(_Tp)> {};
      |                             ^
In file included from ../src/addon.cpp:2:
In file included from ../src/addon.h:1:
In file included from /Users/rxndal/Library/Caches/node-gyp/22.9.0/include/node/node.h:73:
In file included from /Users/rxndal/Library/Caches/node-gyp/22.9.0/include/node/v8.h:24:
In file included from /Users/rxndal/Library/Caches/node-gyp/22.9.0/include/node/v8-array-buffer.h:12:
In file included from /Users/rxndal/Library/Caches/node-gyp/22.9.0/include/node/v8-local-handle.h:13:
In file included from /Users/rxndal/Library/Caches/node-gyp/22.9.0/include/node/v8-handle-base.h:8:
/Users/rxndal/Library/Caches/node-gyp/22.9.0/include/node/v8-internal.h:1159:36: error: expected '(' for function-style cast or type construction
 1159 |       !std::is_void_v<ElementType> ||
      |        ~~~~~~~~~~~~~~~~~~~~~~~~~~~ ^
/Users/rxndal/Library/Caches/node-gyp/22.9.0/include/node/v8-internal.h:1160:13: error: no template named 'is_convertible_v' in namespace 'std'; did you mean 'is_convertible'?
 1160 |       (std::is_convertible_v<typename std::iterator_traits<Iterator>::pointer,
      |        ~~~~~^~~~~~~~~~~~~~~~
      |             is_convertible
/Applications/Xcode.app/Contents/Developer/Platforms/MacOSX.platform/Developer/SDKs/MacOSX.sdk/usr/include/c++/v1/__type_traits/is_convertible.h:28:29: note: 'is_convertible' declared here
   28 | struct _LIBCPP_TEMPLATE_VIS is_convertible : public integral_constant<bool, __is_convertible(_T1, _T2)> {};
      |                             ^
In file included from ../src/addon.cpp:2:
In file included from ../src/addon.h:1:
In file included from /Users/rxndal/Library/Caches/node-gyp/22.9.0/include/node/node.h:73:
In file included from /Users/rxndal/Library/Caches/node-gyp/22.9.0/include/node/v8.h:24:
In file included from /Users/rxndal/Library/Caches/node-gyp/22.9.0/include/node/v8-array-buffer.h:12:
In file included from /Users/rxndal/Library/Caches/node-gyp/22.9.0/include/node/v8-local-handle.h:13:
In file included from /Users/rxndal/Library/Caches/node-gyp/22.9.0/include/node/v8-handle-base.h:8:
/Users/rxndal/Library/Caches/node-gyp/22.9.0/include/node/v8-internal.h:1162:13: error: no template named 'is_convertible_v' in namespace 'std'; did you mean 'is_convertible'?
 1162 |        std::is_convertible_v<typename std::iterator_traits<Iterator>::reference,
      |        ~~~~~^~~~~~~~~~~~~~~~
      |             is_convertible
/Applications/Xcode.app/Contents/Developer/Platforms/MacOSX.platform/Developer/SDKs/MacOSX.sdk/usr/include/c++/v1/__type_traits/is_convertible.h:28:29: note: 'is_convertible' declared here
   28 | struct _LIBCPP_TEMPLATE_VIS is_convertible : public integral_constant<bool, __is_convertible(_T1, _T2)> {};
      |                             ^
In file included from ../src/addon.cpp:2:
In file included from ../src/addon.h:1:
In file included from /Users/rxndal/Library/Caches/node-gyp/22.9.0/include/node/node.h:73:
In file included from /Users/rxndal/Library/Caches/node-gyp/22.9.0/include/node/v8.h:24:
In file included from /Users/rxndal/Library/Caches/node-gyp/22.9.0/include/node/v8-array-buffer.h:12:
In file included from /Users/rxndal/Library/Caches/node-gyp/22.9.0/include/node/v8-local-handle.h:13:
In file included from /Users/rxndal/Library/Caches/node-gyp/22.9.0/include/node/v8-handle-base.h:8:
/Users/rxndal/Library/Caches/node-gyp/22.9.0/include/node/v8-internal.h:1162:8: error: expected ')'
 1162 |        std::is_convertible_v<typename std::iterator_traits<Iterator>::reference,
      |        ^
/Users/rxndal/Library/Caches/node-gyp/22.9.0/include/node/v8-internal.h:1160:7: note: to match this '('
 1160 |       (std::is_convertible_v<typename std::iterator_traits<Iterator>::pointer,
      |       ^
/Users/rxndal/Library/Caches/node-gyp/22.9.0/include/node/v8-internal.h:1163:44: error: expected expression
 1163 |                              ElementType&>));
      |                                            ^
/Users/rxndal/Library/Caches/node-gyp/22.9.0/include/node/v8-internal.h:1170:12: error: no template named 'conditional_t' in namespace 'std'
 1170 |       std::conditional_t<std::is_void_v<ElementType>,
      |       ~~~~~^
/Users/rxndal/Library/Caches/node-gyp/22.9.0/include/node/v8-internal.h:1170:31: error: no template named 'is_void_v' in namespace 'std'; did you mean 'is_void'?
 1170 |       std::conditional_t<std::is_void_v<ElementType>,
      |                          ~~~~~^~~~~~~~~
      |                               is_void
/Applications/Xcode.app/Contents/Developer/Platforms/MacOSX.platform/Developer/SDKs/MacOSX.sdk/usr/include/c++/v1/__type_traits/is_void.h:26:29: note: 'is_void' declared here
   26 | struct _LIBCPP_TEMPLATE_VIS is_void : _BoolConstant<__is_void(_Tp)> {};
      |                             ^
In file included from ../src/addon.cpp:2:
In file included from ../src/addon.h:1:
In file included from /Users/rxndal/Library/Caches/node-gyp/22.9.0/include/node/node.h:73:
In file included from /Users/rxndal/Library/Caches/node-gyp/22.9.0/include/node/v8.h:24:
In file included from /Users/rxndal/Library/Caches/node-gyp/22.9.0/include/node/v8-array-buffer.h:12:
In file included from /Users/rxndal/Library/Caches/node-gyp/22.9.0/include/node/v8-local-handle.h:13:
In file included from /Users/rxndal/Library/Caches/node-gyp/22.9.0/include/node/v8-handle-base.h:8:
/Users/rxndal/Library/Caches/node-gyp/22.9.0/include/node/v8-internal.h:1174:12: error: no template named 'conditional_t' in namespace 'std'
 1174 |       std::conditional_t<std::is_void_v<ElementType>,
      |       ~~~~~^
/Users/rxndal/Library/Caches/node-gyp/22.9.0/include/node/v8-internal.h:1174:31: error: no template named 'is_void_v' in namespace 'std'; did you mean 'is_void'?
 1174 |       std::conditional_t<std::is_void_v<ElementType>,
      |                          ~~~~~^~~~~~~~~
      |                               is_void
/Applications/Xcode.app/Contents/Developer/Platforms/MacOSX.platform/Developer/SDKs/MacOSX.sdk/usr/include/c++/v1/__type_traits/is_void.h:26:29: note: 'is_void' declared here
   26 | struct _LIBCPP_TEMPLATE_VIS is_void : _BoolConstant<__is_void(_Tp)> {};
      |                             ^
In file included from ../src/addon.cpp:2:
In file included from ../src/addon.h:1:
In file included from /Users/rxndal/Library/Caches/node-gyp/22.9.0/include/node/node.h:73:
In file included from /Users/rxndal/Library/Caches/node-gyp/22.9.0/include/node/v8.h:24:
In file included from /Users/rxndal/Library/Caches/node-gyp/22.9.0/include/node/v8-array-buffer.h:12:
In file included from /Users/rxndal/Library/Caches/node-gyp/22.9.0/include/node/v8-local-handle.h:13:
In file included from /Users/rxndal/Library/Caches/node-gyp/22.9.0/include/node/v8-handle-base.h:8:
/Users/rxndal/Library/Caches/node-gyp/22.9.0/include/node/v8-internal.h:1178:12: error: no template named 'conditional_t' in namespace 'std'
 1178 |       std::conditional_t<std::is_void_v<ElementType>,
      |       ~~~~~^
/Users/rxndal/Library/Caches/node-gyp/22.9.0/include/node/v8-internal.h:1178:31: error: no template named 'is_void_v' in namespace 'std'; did you mean 'is_void'?
 1178 |       std::conditional_t<std::is_void_v<ElementType>,
      |                          ~~~~~^~~~~~~~~
      |                               is_void
/Applications/Xcode.app/Contents/Developer/Platforms/MacOSX.platform/Developer/SDKs/MacOSX.sdk/usr/include/c++/v1/__type_traits/is_void.h:26:29: note: 'is_void' declared here
   26 | struct _LIBCPP_TEMPLATE_VIS is_void : _BoolConstant<__is_void(_Tp)> {};
      |                             ^
In file included from ../src/addon.cpp:2:
In file included from ../src/addon.h:1:
In file included from /Users/rxndal/Library/Caches/node-gyp/22.9.0/include/node/node.h:73:
In file included from /Users/rxndal/Library/Caches/node-gyp/22.9.0/include/node/v8.h:24:
In file included from /Users/rxndal/Library/Caches/node-gyp/22.9.0/include/node/v8-array-buffer.h:12:
In file included from /Users/rxndal/Library/Caches/node-gyp/22.9.0/include/node/v8-local-handle.h:13:
In file included from /Users/rxndal/Library/Caches/node-gyp/22.9.0/include/node/v8-handle-base.h:8:
/Users/rxndal/Library/Caches/node-gyp/22.9.0/include/node/v8-internal.h:1186:18: error: no template named 'enable_if_t' in namespace 'std'
 1186 |             std::enable_if_t<std::is_convertible_v<OtherIterator, Iterator>,
      |             ~~~~~^
/Users/rxndal/Library/Caches/node-gyp/22.9.0/include/node/v8-internal.h:1186:35: error: no template named 'is_convertible_v' in namespace 'std'; did you mean 'is_convertible'?
 1186 |             std::enable_if_t<std::is_convertible_v<OtherIterator, Iterator>,
      |                              ~~~~~^~~~~~~~~~~~~~~~
      |                                   is_convertible
/Applications/Xcode.app/Contents/Developer/Platforms/MacOSX.platform/Developer/SDKs/MacOSX.sdk/usr/include/c++/v1/__type_traits/is_convertible.h:28:29: note: 'is_convertible' declared here
   28 | struct _LIBCPP_TEMPLATE_VIS is_convertible : public integral_constant<bool, __is_convertible(_T1, _T2)> {};
      |                             ^
In file included from ../src/addon.cpp:2:
In file included from ../src/addon.h:1:
In file included from /Users/rxndal/Library/Caches/node-gyp/22.9.0/include/node/node.h:73:
In file included from /Users/rxndal/Library/Caches/node-gyp/22.9.0/include/node/v8.h:24:
In file included from /Users/rxndal/Library/Caches/node-gyp/22.9.0/include/node/v8-array-buffer.h:12:
In file included from /Users/rxndal/Library/Caches/node-gyp/22.9.0/include/node/v8-local-handle.h:13:
In file included from /Users/rxndal/Library/Caches/node-gyp/22.9.0/include/node/v8-handle-base.h:8:
/Users/rxndal/Library/Caches/node-gyp/22.9.0/include/node/v8-internal.h:1192:13: error: unknown type name 'reference'
 1192 |   constexpr reference operator*() const noexcept { return *it_; }
      |             ^
fatal error: too many errors emitted, stopping now [-ferror-limit=]
26 warnings and 20 errors generated.
make: *** [Release/obj.target/uws/src/addon.o] Error 1
gyp ERR! build error 
gyp ERR! stack Error: `make` failed with exit code: 2
gyp ERR! stack at ChildProcess.<anonymous> (/usr/local/Cellar/node/22.9.0/libexec/lib/node_modules/npm/node_modules/node-gyp/lib/build.js:216:23)
gyp ERR! System Darwin 24.0.0
gyp ERR! command "/usr/local/Cellar/node/22.9.0/bin/node" "/usr/local/Cellar/node/22.9.0/libexec/lib/node_modules/npm/node_modules/node-gyp/bin/node-gyp.js" "rebuild"
gyp ERR! cwd /Users/rxndal/NEA2/frontend/node_modules/uws
gyp ERR! node -v v22.9.0
gyp ERR! node-gyp -v v10.2.0
gyp ERR! not ok 
